#
# A fatal error has been detected by the Java Runtime Environment:
#
#  Internal Error (classFileParser.cpp:3494), pid=3488, tid=5268
#  Error: ShouldNotReachHere()
#
# JRE version: 6.0_31-b05
# Java VM: Java HotSpot(TM) 64-Bit Server VM (20.6-b01 mixed mode windows-amd64 compressed oops)
# If you would like to submit a bug report, please visit:
#   http://java.sun.com/webapps/bugreport/crash.jsp
#

---------------  T H R E A D  ---------------

Current thread (0x00000000003db800):  JavaThread "Unknown thread" [_thread_in_vm, id=5268, stack(0x0000000002420000,0x0000000002520000)]

Stack: [0x0000000002420000,0x0000000002520000]
[error occurred during error reporting (printing stack bounds), id 0xc0000005]


---------------  P R O C E S S  ---------------

Java Threads: ( => current thread )

Other Threads:

=>0x00000000003db800 (exited) JavaThread "Unknown thread" [_thread_in_vm, id=5268, stack(0x0000000002420000,0x0000000002520000)]

VM state:not at safepoint (not fully initialized)

VM Mutex/Monitor currently owned by a thread: None

Dynamic libraries:
0x0000000000400000 - 0x000000000042f000 	C:\Program Files\Java\jre6\bin\javaw.exe
0x0000000077110000 - 0x00000000772bc000 	C:\windows\SYSTEM32\ntdll.dll
0x0000000076c90000 - 0x0000000076daf000 	C:\windows\system32\kernel32.dll
0x000007fefca10000 - 0x000007fefca7c000 	C:\windows\system32\KERNELBASE.dll
0x000007fefe100000 - 0x000007fefe1db000 	C:\windows\system32\ADVAPI32.dll
0x000007fefccf0000 - 0x000007fefcd8f000 	C:\windows\system32\msvcrt.dll
0x000007fefcf40000 - 0x000007fefcf5f000 	C:\windows\SYSTEM32\sechost.dll
0x000007fefdd40000 - 0x000007fefde6e000 	C:\windows\system32\RPCRT4.dll
0x0000000076b90000 - 0x0000000076c8a000 	C:\windows\system32\USER32.dll
0x000007fefe550000 - 0x000007fefe5b7000 	C:\windows\system32\GDI32.dll
0x000007fefe0f0000 - 0x000007fefe0fe000 	C:\windows\system32\LPK.dll
0x000007fefcd90000 - 0x000007fefce5a000 	C:\windows\system32\USP10.dll
0x000007fefe280000 - 0x000007fefe2ae000 	C:\windows\system32\IMM32.DLL
0x000007fefdec0000 - 0x000007fefdfc9000 	C:\windows\system32\MSCTF.dll
0x000000006d800000 - 0x000000006dfb8000 	C:\Program Files\Java\jre6\bin\server\jvm.dll
0x000007fefa450000 - 0x000007fefa48b000 	C:\windows\system32\WINMM.dll
0x000000006d770000 - 0x000000006d77e000 	C:\Program Files\Java\jre6\bin\verify.dll
0x000000006d3b0000 - 0x000000006d3d7000 	C:\Program Files\Java\jre6\bin\java.dll
0x000000006d7c0000 - 0x000000006d7d2000 	C:\Program Files\Java\jre6\bin\zip.dll
0x00000000772e0000 - 0x00000000772e7000 	C:\windows\system32\PSAPI.DLL

VM Arguments:
jvm_args: -ea -Dfile.encoding=Cp1252 -Xbootclasspath:D:\Android\platforms\android-17\android.jar 
java_command: org.eclipse.jdt.internal.junit.runner.RemoteTestRunner -version 3 -port 52326 -testLoaderClass org.eclipse.jdt.internal.junit.runner.junit3.JUnit3TestLoader -loaderpluginname org.eclipse.jdt.junit.runtime -classNames cs2114.adventure.MyPlayerTest
Launcher Type: SUN_STANDARD

Environment Variables:
PATH=D:\Fotran;C:\Program Files\Common Files\Microsoft Shared\Windows Live;C:\Program Files (x86)\Common Files\Microsoft Shared\Windows Live;C:\windows\system32;C:\windows;C:\windows\System32\Wbem;C:\windows\System32\WindowsPowerShell\v1.0\;C:\Program Files (x86)\Common Files\Roxio Shared\10.0\DLLShared\;C:\Program Files (x86)\Common Files\Roxio Shared\DLLShared\;c:\Program Files\Softex\OmniPass\;C:\Program Files\Fujitsu\FJFP\;C:\Program Files (x86)\Common Files\Thunder Network\KanKan\Codecs;C:\Program Files\Microsoft Windows Performance Toolkit\;D:\matlab\bin;D:\2012spring\MPLAB IDE\MPLAB C32 Suite\bin
USERNAME=heiheidodo
OS=Windows_NT
PROCESSOR_IDENTIFIER=Intel64 Family 6 Model 37 Stepping 2, GenuineIntel



---------------  S Y S T E M  ---------------

OS: Windows 7 , 64 bit Build 7600 

CPU:total 4 (2 cores per cpu, 2 threads per core) family 6 model 37 stepping 2, cmov, cx8, fxsr, mmx, sse, sse2, sse3, ssse3, sse4.1, sse4.2, popcnt, ht

Memory: 4k page, physical 8179124k(4311016k free), swap 16356348k(11870224k free)

vm_info: Java HotSpot(TM) 64-Bit Server VM (20.6-b01) for windows-amd64 JRE (1.6.0_31-b05), built on Feb  3 2012 18:34:57 by "java_re" with MS VC++ 8.0 (VS2005)

time: Wed Feb 13 12:27:49 2013
elapsed time: 0 seconds

